2024-12-28 22:38:58,152 : INFO : root: logging is working!
2024-12-28 22:38:59,069 : INFO : root: Запрос на возврат текста прошел(getter_text)!
2024-12-28 22:38:59,103 : INFO : root: Запрос на возврат текста прошел(getter_text)!
2024-12-28 22:38:59,135 : INFO : root: Запрос на возврат текста прошел(getter_text)!
2024-12-28 22:38:59,166 : INFO : root: Запрос на возврат текста прошел(getter_text)!
2024-12-28 22:38:59,196 : INFO : root: Запрос на возврат текста прошел(getter_text)!
2024-12-28 22:38:59,474 : INFO : root: Изображение преобразовано в текст!
2024-12-28 22:38:59,507 : INFO : root: Текст добавлен в БД!
2024-12-28 22:38:59,740 : INFO : root: Изображение преобразовано в текст!
2024-12-28 22:38:59,772 : INFO : root: Текст добавлен в БД!
2024-12-28 22:38:59,779 : INFO : root: Файл не найден(analyse)!
2024-12-28 22:39:00,175 : INFO : root: Изображение преобразовано в текст!
2024-12-28 22:39:00,204 : WARNING : root: Текст переведен, но не добавлен в БД!
2024-12-28 22:39:00,240 : INFO : root: Запись добавили(upload)!
2024-12-28 22:39:00,240 : INFO : root: Изображение добавлено в БД!
2024-12-28 22:39:00,243 : INFO : root: Использовали занятый id для загрузки!
2024-12-28 22:39:00,313 : INFO : root: Запись удалена(delete)!
2024-12-28 22:39:00,313 : INFO : root: Запись и изображение удалены!
2024-12-28 22:39:00,348 : INFO : root: Запись удалена(delete)!
2024-12-28 22:39:00,348 : INFO : root: Запись и изображение удалены!
2024-12-28 22:39:00,382 : INFO : root: Запись удалена(delete)!
2024-12-28 22:39:00,383 : INFO : root: Запись и изображение удалены!
2024-12-28 22:39:00,385 : INFO : root: Не нашли изображение для удаления!
2024-12-28 22:39:00,387 : WARNING : root: Запись удалена, изображение нет(delete)!
2024-12-28 22:39:00,449 : INFO : root: Запись удалена(delete)!
2024-12-28 22:39:00,449 : INFO : root: Запись и изображение удалены!
