2024-12-29 16:13:42,977 : INFO : root: logging is working!
2024-12-29 16:13:43,424 : INFO : root: Запрос на возврат текста прошел(getter_text)!
2024-12-29 16:13:43,448 : INFO : root: Запрос на возврат текста прошел(getter_text)!
2024-12-29 16:13:43,471 : INFO : root: Запрос на возврат текста прошел(getter_text)!
2024-12-29 16:13:43,909 : INFO : root: Изображение преобразовано в текст!
2024-12-29 16:13:43,934 : INFO : root: Текст добавлен в БД!
2024-12-29 16:13:43,962 : INFO : root: Запись добавили(upload)!
2024-12-29 16:13:43,962 : INFO : root: Изображение добавлено в БД!
2024-12-29 16:13:43,990 : INFO : root: Запись удалена(delete)!
2024-12-29 16:13:43,990 : INFO : root: Запись и изображение удалены!
2024-12-29 16:13:44,013 : INFO : root: Запрос на возврат текста прошел(getter_text)!
2024-12-29 16:13:44,035 : INFO : root: Запрос на возврат текста прошел(getter_text)!
2024-12-29 16:13:44,276 : INFO : root: Изображение преобразовано в текст!
2024-12-29 16:13:44,302 : INFO : root: Текст добавлен в БД!
2024-12-29 16:13:44,520 : INFO : root: Изображение преобразовано в текст!
2024-12-29 16:13:44,545 : INFO : root: Текст добавлен в БД!
2024-12-29 16:13:44,549 : INFO : root: Файл не найден(analyse)!
2024-12-29 16:13:44,942 : INFO : root: Изображение преобразовано в текст!
2024-12-29 16:13:44,964 : WARNING : root: Текст переведен, но не добавлен в БД!
2024-12-29 16:13:45,331 : INFO : root: Текст считан!
2024-12-29 16:13:45,356 : INFO : root: Запись добавили(upload)!
2024-12-29 16:13:45,357 : INFO : root: Изображение добавлено в БД!
2024-12-29 16:13:45,358 : INFO : root: Использовали занятый id для загрузки!
2024-12-29 16:13:45,406 : INFO : root: Запись удалена(delete)!
2024-12-29 16:13:45,407 : INFO : root: Запись и изображение удалены!
2024-12-29 16:13:45,432 : INFO : root: Запись удалена(delete)!
2024-12-29 16:13:45,432 : INFO : root: Запись и изображение удалены!
2024-12-29 16:13:45,458 : INFO : root: Запись удалена(delete)!
2024-12-29 16:13:45,458 : INFO : root: Запись и изображение удалены!
2024-12-29 16:13:45,459 : INFO : root: Не нашли изображение для удаления!
2024-12-29 16:13:45,460 : WARNING : root: Запись удалена, изображение нет(delete)!
